#
# There is insufficient memory for the Java Runtime Environment to continue.
# Native memory allocation (mmap) failed to map 239075328 bytes for Failed to commit area from 0x000000071c800000 to 0x000000072ac00000 of length 239075328.
# Possible reasons:
#   The system is out of physical RAM or swap space
#   The process is running with CompressedOops enabled, and the Java Heap may be blocking the growth of the native heap
# Possible solutions:
#   Reduce memory load on the system
#   Increase physical memory or swap space
#   Check if swap backing store is full
#   Decrease Java heap size (-Xmx/-Xms)
#   Decrease number of Java threads
#   Decrease Java thread stack sizes (-Xss)
#   Set larger code cache with -XX:ReservedCodeCacheSize=
#   JVM is running with Zero Based Compressed Oops mode in which the Java heap is
#     placed in the first 32GB address space. The Java Heap base address is the
#     maximum limit for the native heap growth. Please use -XX:HeapBaseMinAddress
#     to set the Java Heap base and to place the Java Heap above 32GB virtual address.
# This output file may be truncated or incomplete.
#
#  Out of Memory Error (./open/src/hotspot/os/windows/os_windows.cpp:3315), pid=12276, tid=11508
#
# JRE version:  (14.0.2+12) (build )
# Java VM: Java HotSpot(TM) 64-Bit Server VM (14.0.2+12-46, mixed mode, sharing, tiered, compressed oops, g1 gc, windows-amd64)
# No core dump will be written. Minidumps are not enabled by default on client versions of Windows
#

---------------  S U M M A R Y ------------

Command Line: -Dfile.encoding=Cp1252 -XX:+ShowCodeDetailsInExceptionMessages Main

Host: Intel(R) Core(TM) i7-9700K CPU @ 3.60GHz, 8 cores, 14G,  Windows 10 , 64 bit Build 19041 (10.0.19041.546)
Time: Tue Dec  1 18:17:15 2020 Hora oficial do Brasil elapsed time: 0 seconds (0d 0h 0m 0s)

---------------  T H R E A D  ---------------

Current thread (0x0000015345b13800):  JavaThread "Unknown thread" [_thread_in_vm, id=11508, stack(0x0000003527700000,0x0000003527800000)]

Stack: [0x0000003527700000,0x0000003527800000]
Native frames: (J=compiled Java code, j=interpreted, Vv=VM code, C=native code)
V  [jvm.dll+0x5f8a9a]
V  [jvm.dll+0x74247a]
V  [jvm.dll+0x743c2f]
V  [jvm.dll+0x744273]
V  [jvm.dll+0x20d288]
V  [jvm.dll+0x5f5dea]
V  [jvm.dll+0x5eac45]
V  [jvm.dll+0x2c7e9c]
V  [jvm.dll+0x2c7cd2]
V  [jvm.dll+0x2cdbbc]
V  [jvm.dll+0x313fe8]
V  [jvm.dll+0x313710]
V  [jvm.dll+0x2a092a]
V  [jvm.dll+0x2a1a79]
V  [jvm.dll+0x71fd48]
V  [jvm.dll+0x321c14]
V  [jvm.dll+0x70112c]
V  [jvm.dll+0x392def]
V  [jvm.dll+0x394e61]
C  [jli.dll+0x524b]
C  [ucrtbase.dll+0x214c2]
C  [KERNEL32.DLL+0x17034]
C  [ntdll.dll+0x4cec1]


---------------  P R O C E S S  ---------------

Threads class SMR info:
_java_thread_list=0x00007ffa0f683038, length=0, elements={
}

Java Threads: ( => current thread )

Other Threads:
  0x0000015345b75800 GCTaskThread "GC Thread#0" [stack: 0x0000003527800000,0x0000003527900000] [id=1296]
  0x0000015345b95000 ConcurrentGCThread "G1 Main Marker" [stack: 0x0000003527900000,0x0000003527a00000] [id=5136]
  0x0000015345b96800 ConcurrentGCThread "G1 Conc#0" [stack: 0x0000003527a00000,0x0000003527b00000] [id=14300]

[error occurred during error reporting (printing all threads), id 0xc0000005, EXCEPTION_ACCESS_VIOLATION (0xc0000005) at pc=0x00007ffa0eeb1257]

VM state:not at safepoint (not fully initialized)

VM Mutex/Monitor currently owned by a thread:  ([mutex/lock_event])
[0x0000015345b10050] Heap_lock - owner thread: 0x0000015345b13800

Heap address: 0x000000071c800000, size: 3640 MB, Compressed Oops mode: Zero based, Oop shift amount: 3
Narrow klass base: 0x0000000000000000, Narrow klass shift: 0

GC Heap History (0 events):
No events

Deoptimization events (0 events):
No events

Classes unloaded (0 events):
No events

Classes redefined (0 events):
No events

Internal exceptions (0 events):
No events

Events (2 events):
Event: 0.004 Loaded shared library C:\Program Files\Java\jdk-14.0.2\bin\java.dll
Event: 0.004 Loaded shared library C:\Program Files\Java\jdk-14.0.2\bin\zip.dll


Dynamic libraries:
0x00007ff7be6a0000 - 0x00007ff7be6af000 	C:\Program Files\Java\jdk-14.0.2\bin\javaw.exe
0x00007ffa50b90000 - 0x00007ffa50d86000 	C:\Windows\SYSTEM32\ntdll.dll
0x00007ffa504f0000 - 0x00007ffa505ad000 	C:\Windows\System32\KERNEL32.DLL
0x00007ffa4e820000 - 0x00007ffa4eae8000 	C:\Windows\System32\KERNELBASE.dll
0x00007ffa4e480000 - 0x00007ffa4e580000 	C:\Windows\System32\ucrtbase.dll
0x00007ffa3bb80000 - 0x00007ffa3bb95000 	C:\Program Files\Java\jdk-14.0.2\bin\VCRUNTIME140.dll
0x00007ffa3bb60000 - 0x00007ffa3bb78000 	C:\Program Files\Java\jdk-14.0.2\bin\jli.dll
0x00007ffa508b0000 - 0x00007ffa5095c000 	C:\Windows\System32\ADVAPI32.dll
0x00007ffa4f710000 - 0x00007ffa4f7ae000 	C:\Windows\System32\msvcrt.dll
0x00007ffa4f7c0000 - 0x00007ffa4f85b000 	C:\Windows\System32\sechost.dll
0x00007ffa506e0000 - 0x00007ffa50804000 	C:\Windows\System32\RPCRT4.dll
0x00007ffa4f220000 - 0x00007ffa4f3c0000 	C:\Windows\System32\USER32.dll
0x00007ffa4eb20000 - 0x00007ffa4eb42000 	C:\Windows\System32\win32u.dll
0x00007ffa30dc0000 - 0x00007ffa3105b000 	C:\Windows\WinSxS\amd64_microsoft.windows.common-controls_6595b64144ccf1df_6.0.19041.488_none_ca04af081b815d21\COMCTL32.dll
0x00007ffa509c0000 - 0x00007ffa509ea000 	C:\Windows\System32\GDI32.dll
0x00007ffa4e600000 - 0x00007ffa4e709000 	C:\Windows\System32\gdi32full.dll
0x00007ffa4eb50000 - 0x00007ffa4ebed000 	C:\Windows\System32\msvcp_win.dll
0x00007ffa46b90000 - 0x00007ffa46b9a000 	C:\Windows\SYSTEM32\VERSION.dll
0x00007ffa50aa0000 - 0x00007ffa50ad0000 	C:\Windows\System32\IMM32.DLL
0x00007ffa37c30000 - 0x00007ffa37ccb000 	C:\Program Files\Java\jdk-14.0.2\bin\msvcp140.dll
0x00007ffa0ec00000 - 0x00007ffa0f71e000 	C:\Program Files\Java\jdk-14.0.2\bin\server\jvm.dll
0x00007ffa4f7b0000 - 0x00007ffa4f7b8000 	C:\Windows\System32\PSAPI.DLL
0x00007ffa49ee0000 - 0x00007ffa49ee9000 	C:\Windows\SYSTEM32\WSOCK32.dll
0x00007ffa458e0000 - 0x00007ffa45907000 	C:\Windows\SYSTEM32\WINMM.dll
0x00007ffa4ffb0000 - 0x00007ffa5001b000 	C:\Windows\System32\WS2_32.dll
0x00007ffa4c240000 - 0x00007ffa4c252000 	C:\Windows\SYSTEM32\kernel.appcore.dll
0x00007ffa49650000 - 0x00007ffa4965a000 	C:\Program Files\Java\jdk-14.0.2\bin\jimage.dll
0x00007ffa405d0000 - 0x00007ffa407b4000 	C:\Windows\SYSTEM32\DBGHELP.DLL
0x00007ffa40500000 - 0x00007ffa4052c000 	C:\Windows\SYSTEM32\dbgcore.DLL
0x00007ffa4e580000 - 0x00007ffa4e5ff000 	C:\Windows\System32\bcryptPrimitives.dll
0x00007ffa37fb0000 - 0x00007ffa37fd5000 	C:\Program Files\Java\jdk-14.0.2\bin\java.dll
0x00007ffa3a270000 - 0x00007ffa3a286000 	C:\Program Files\Java\jdk-14.0.2\bin\zip.dll

dbghelp: loaded successfully - version: 4.0.5 - missing functions: none
symbol engine: initialized successfully - sym options: 0x614 - pdb path: .;C:\Program Files\Java\jdk-14.0.2\bin;C:\Windows\SYSTEM32;C:\Windows\WinSxS\amd64_microsoft.windows.common-controls_6595b64144ccf1df_6.0.19041.488_none_ca04af081b815d21;C:\Program Files\Java\jdk-14.0.2\bin\server

VM Arguments:
jvm_args: -Dfile.encoding=Cp1252 -XX:+ShowCodeDetailsInExceptionMessages 
java_command: Main
java_class_path (initial): C:\Users\gelmi\Desktop\estrutura dados\Relógio algoritmo de substituição de páginas\bin
Launcher Type: SUN_STANDARD

[Global flags]
     intx CICompilerCount                          = 4                                         {product} {ergonomic}
     uint ConcGCThreads                            = 2                                         {product} {ergonomic}
     uint G1ConcRefinementThreads                  = 8                                         {product} {ergonomic}
   size_t G1HeapRegionSize                         = 1048576                                   {product} {ergonomic}
    uintx GCDrainStackTargetSize                   = 64                                        {product} {ergonomic}
   size_t InitialHeapSize                          = 239075328                                 {product} {ergonomic}
   size_t MarkStackSize                            = 4194304                                   {product} {ergonomic}
   size_t MaxHeapSize                              = 3816816640                                {product} {ergonomic}
   size_t MinHeapDeltaBytes                        = 1048576                                   {product} {ergonomic}
   size_t MinHeapSize                              = 8388608                                   {product} {ergonomic}
    uintx NonNMethodCodeHeapSize                   = 5839372                                {pd product} {ergonomic}
    uintx NonProfiledCodeHeapSize                  = 122909434                              {pd product} {ergonomic}
    uintx ProfiledCodeHeapSize                     = 122909434                              {pd product} {ergonomic}
    uintx ReservedCodeCacheSize                    = 251658240                              {pd product} {ergonomic}
     bool SegmentedCodeCache                       = true                                      {product} {ergonomic}
     bool ShowCodeDetailsInExceptionMessages       = true                                   {manageable} {command line}
   size_t SoftMaxHeapSize                          = 3816816640                             {manageable} {ergonomic}
     bool UseCompressedClassPointers               = true                                 {lp64_product} {ergonomic}
     bool UseCompressedOops                        = true                                 {lp64_product} {ergonomic}
     bool UseG1GC                                  = true                                      {product} {ergonomic}
     bool UseLargePagesIndividualAllocation        = false                                  {pd product} {ergonomic}

Logging:
Log output configuration:
 #0: stdout all=warning uptime,level,tags
 #1: stderr all=off uptime,level,tags

Environment Variables:
PATH=C:/Users/gelmi/.p2/pool/plugins/org.eclipse.justj.openjdk.hotspot.jre.full.win32.x86_64_14.0.2.v20200815-0932/jre/bin/server;C:/Users/gelmi/.p2/pool/plugins/org.eclipse.justj.openjdk.hotspot.jre.full.win32.x86_64_14.0.2.v20200815-0932/jre/bin;C:\xampp\php;C:\Program Files\AdoptOpenJDK\jre-14.0.2.12-hotspot\bin;C:\Program Files\Java\jdk-12.0.2\;C:\Program Files\Java\jdk-13.0.2\;C:\Windows\system32;C:\Windows;C:\Windows\System32\Wbem;C:\Windows\System32\WindowsPowerShell\v1.0\;C:\Windows\System32\OpenSSH\;C:\Program Files\NVIDIA Corporation\NVIDIA NvDLISR;C:\Program Files (x86)\NVIDIA Corporation\PhysX\Common;C:\ProgramData\chocolatey\bin;C:\Users\gelmi\Desktop\ProjetoWebTrabalho1Gelmir\dart-sass;C:\Program Files\Git\cmd;C:\ProgramData\ComposerSetup\bin;C:\Users\gelmi\AppData\Local\Microsoft\WindowsApps;;C:\Users\gelmi\AppData\Local\Programs\Microsoft VS Code\bin;C:\Users\gelmi\AppData\Roaming\Composer\vendor\bin;C:\Users\gelmi\Desktop;
USERNAME=gelmi
OS=Windows_NT
PROCESSOR_IDENTIFIER=Intel64 Family 6 Model 158 Stepping 12, GenuineIntel



---------------  S Y S T E M  ---------------

OS: Windows 10 , 64 bit Build 19041 (10.0.19041.546)
OS uptime: 1 days 10:16 hours

CPU:total 8 (initial active 8) (8 cores per cpu, 1 threads per core) family 6 model 158 stepping 12, cmov, cx8, fxsr, mmx, sse, sse2, sse3, ssse3, sse4.1, sse4.2, popcnt, avx, avx2, aes, clmul, erms, rtm, 3dnowpref, lzcnt, tsc, tscinvbit, bmi1, bmi2, adx, fma

Memory: 4k page, system-wide physical 14557M (7962M free)
TotalPageFile size 14557M (AvailPageFile size 90M)
current process WorkingSet (physical memory assigned to process): 10M, peak: 10M
current process commit charge ("private bytes"): 60M, peak: 288M

vm_info: Java HotSpot(TM) 64-Bit Server VM (14.0.2+12-46) for windows-amd64 JRE (14.0.2+12-46), built on Jul  9 2020 00:35:52 by "mach5one" with MS VC++ 15.9 (VS2017)

END.
